[2022-02-05 05:12:38] local.ERROR: Uncaught Symfony\Component\Debug\Exception\FatalThrowableError: Call to undefined function Symfony\Component\HttpFoundation\str_starts_with() in C:\laragon\www\albamart_admin\vendor\symfony\http-foundation\ServerBag.php:32
Stack trace:
#0 C:\laragon\www\albamart_admin\vendor\symfony\http-foundation\Request.php(271): Symfony\Component\HttpFoundation\ServerBag->getHeaders()
#1 C:\laragon\www\albamart_admin\vendor\symfony\http-foundation\Request.php(247): Symfony\Component\HttpFoundation\Request->initialize(Array, Array, Array, Array, Array, Array, NULL)
#2 C:\laragon\www\albamart_admin\vendor\symfony\http-foundation\Request.php(1977): Symfony\Component\HttpFoundation\Request->__construct(Array, Array, Array, Array, Array, Array, NULL)
#3 C:\laragon\www\albamart_admin\vendor\symfony\http-foundation\Request.php(411): Symfony\Component\HttpFoundation\Request::createRequestFromFactory(Array, Array, Array, Array, Array, Array, NULL)
#4 C:\laragon\www\albamart_admin\vendor\laravel\framework\src\Illuminate\Foundation\ {"exception":"[object] (Symfony\\Component\\Debug\\Exception\\FatalErrorException(code: 1): Uncaught Symfony\\Component\\Debug\\Exception\\FatalThrowableError: Call to undefined function Symfony\\Component\\HttpFoundation\\str_starts_with() in C:\\laragon\\www\\albamart_admin\\vendor\\symfony\\http-foundation\\ServerBag.php:32
Stack trace:
#0 C:\\laragon\\www\\albamart_admin\\vendor\\symfony\\http-foundation\\Request.php(271): Symfony\\Component\\HttpFoundation\\ServerBag->getHeaders()
#1 C:\\laragon\\www\\albamart_admin\\vendor\\symfony\\http-foundation\\Request.php(247): Symfony\\Component\\HttpFoundation\\Request->initialize(Array, Array, Array, Array, Array, Array, NULL)
#2 C:\\laragon\\www\\albamart_admin\\vendor\\symfony\\http-foundation\\Request.php(1977): Symfony\\Component\\HttpFoundation\\Request->__construct(Array, Array, Array, Array, Array, Array, NULL)
#3 C:\\laragon\\www\\albamart_admin\\vendor\\symfony\\http-foundation\\Request.php(411): Symfony\\Component\\HttpFoundation\\Request::createRequestFromFactory(Array, Array, Array, Array, Array, Array, NULL)
#4 C:\\laragon\\www\\albamart_admin\\vendor\\laravel\\framework\\src\\Illuminate\\Foundation\\ at C:\\laragon\\www\\albamart_admin\\vendor\\symfony\\http-foundation\\ServerBag.php:32)
[stacktrace]
#0 {main}
"} 
[2022-02-05 05:12:38] local.ERROR: Uncaught Symfony\Component\Debug\Exception\FatalThrowableError: Call to undefined function Symfony\Component\HttpFoundation\str_starts_with() in C:\laragon\www\albamart_admin\vendor\symfony\http-foundation\ServerBag.php:32
Stack trace:
#0 C:\laragon\www\albamart_admin\vendor\symfony\http-foundation\Request.php(271): Symfony\Component\HttpFoundation\ServerBag->getHeaders()
#1 C:\laragon\www\albamart_admin\vendor\symfony\http-foundation\Request.php(247): Symfony\Component\HttpFoundation\Request->initialize(Array, Array, Array, Array, Array, Array, NULL)
#2 C:\laragon\www\albamart_admin\vendor\symfony\http-foundation\Request.php(1977): Symfony\Component\HttpFoundation\Request->__construct(Array, Array, Array, Array, Array, Array, NULL)
#3 C:\laragon\www\albamart_admin\vendor\symfony\http-foundation\Request.php(411): Symfony\Component\HttpFoundation\Request::createRequestFromFactory(Array, Array, Array, Array, Array, Array, NULL)
#4 C:\laragon\www\albamart_admin\vendor\laravel\framework\src\Illuminate\Foundation\ {"exception":"[object] (Symfony\\Component\\Debug\\Exception\\FatalErrorException(code: 1): Uncaught Symfony\\Component\\Debug\\Exception\\FatalThrowableError: Call to undefined function Symfony\\Component\\HttpFoundation\\str_starts_with() in C:\\laragon\\www\\albamart_admin\\vendor\\symfony\\http-foundation\\ServerBag.php:32
Stack trace:
#0 C:\\laragon\\www\\albamart_admin\\vendor\\symfony\\http-foundation\\Request.php(271): Symfony\\Component\\HttpFoundation\\ServerBag->getHeaders()
#1 C:\\laragon\\www\\albamart_admin\\vendor\\symfony\\http-foundation\\Request.php(247): Symfony\\Component\\HttpFoundation\\Request->initialize(Array, Array, Array, Array, Array, Array, NULL)
#2 C:\\laragon\\www\\albamart_admin\\vendor\\symfony\\http-foundation\\Request.php(1977): Symfony\\Component\\HttpFoundation\\Request->__construct(Array, Array, Array, Array, Array, Array, NULL)
#3 C:\\laragon\\www\\albamart_admin\\vendor\\symfony\\http-foundation\\Request.php(411): Symfony\\Component\\HttpFoundation\\Request::createRequestFromFactory(Array, Array, Array, Array, Array, Array, NULL)
#4 C:\\laragon\\www\\albamart_admin\\vendor\\laravel\\framework\\src\\Illuminate\\Foundation\\ at C:\\laragon\\www\\albamart_admin\\vendor\\symfony\\http-foundation\\ServerBag.php:32)
[stacktrace]
#0 {main}
"} 
[2022-02-05 05:12:38] local.ERROR: Uncaught Symfony\Component\Debug\Exception\FatalThrowableError: Call to undefined function Symfony\Component\HttpFoundation\str_starts_with() in C:\laragon\www\albamart_admin\vendor\symfony\http-foundation\ServerBag.php:32
Stack trace:
#0 C:\laragon\www\albamart_admin\vendor\symfony\http-foundation\Request.php(271): Symfony\Component\HttpFoundation\ServerBag->getHeaders()
#1 C:\laragon\www\albamart_admin\vendor\symfony\http-foundation\Request.php(247): Symfony\Component\HttpFoundation\Request->initialize(Array, Array, Array, Array, Array, Array, NULL)
#2 C:\laragon\www\albamart_admin\vendor\symfony\http-foundation\Request.php(1977): Symfony\Component\HttpFoundation\Request->__construct(Array, Array, Array, Array, Array, Array, NULL)
#3 C:\laragon\www\albamart_admin\vendor\symfony\http-foundation\Request.php(411): Symfony\Component\HttpFoundation\Request::createRequestFromFactory(Array, Array, Array, Array, Array, Array, NULL)
#4 C:\laragon\www\albamart_admin\vendor\laravel\framework\src\Illuminate\Foundation\ {"exception":"[object] (Symfony\\Component\\Debug\\Exception\\FatalErrorException(code: 1): Uncaught Symfony\\Component\\Debug\\Exception\\FatalThrowableError: Call to undefined function Symfony\\Component\\HttpFoundation\\str_starts_with() in C:\\laragon\\www\\albamart_admin\\vendor\\symfony\\http-foundation\\ServerBag.php:32
Stack trace:
#0 C:\\laragon\\www\\albamart_admin\\vendor\\symfony\\http-foundation\\Request.php(271): Symfony\\Component\\HttpFoundation\\ServerBag->getHeaders()
#1 C:\\laragon\\www\\albamart_admin\\vendor\\symfony\\http-foundation\\Request.php(247): Symfony\\Component\\HttpFoundation\\Request->initialize(Array, Array, Array, Array, Array, Array, NULL)
#2 C:\\laragon\\www\\albamart_admin\\vendor\\symfony\\http-foundation\\Request.php(1977): Symfony\\Component\\HttpFoundation\\Request->__construct(Array, Array, Array, Array, Array, Array, NULL)
#3 C:\\laragon\\www\\albamart_admin\\vendor\\symfony\\http-foundation\\Request.php(411): Symfony\\Component\\HttpFoundation\\Request::createRequestFromFactory(Array, Array, Array, Array, Array, Array, NULL)
#4 C:\\laragon\\www\\albamart_admin\\vendor\\laravel\\framework\\src\\Illuminate\\Foundation\\ at C:\\laragon\\www\\albamart_admin\\vendor\\symfony\\http-foundation\\ServerBag.php:32)
[stacktrace]
#0 {main}
"} 
[2022-02-05 05:12:38] local.ERROR: Uncaught Symfony\Component\Debug\Exception\FatalThrowableError: Call to undefined function Symfony\Component\HttpFoundation\str_starts_with() in C:\laragon\www\albamart_admin\vendor\symfony\http-foundation\ServerBag.php:32
Stack trace:
#0 C:\laragon\www\albamart_admin\vendor\symfony\http-foundation\Request.php(271): Symfony\Component\HttpFoundation\ServerBag->getHeaders()
#1 C:\laragon\www\albamart_admin\vendor\symfony\http-foundation\Request.php(247): Symfony\Component\HttpFoundation\Request->initialize(Array, Array, Array, Array, Array, Array, NULL)
#2 C:\laragon\www\albamart_admin\vendor\symfony\http-foundation\Request.php(1977): Symfony\Component\HttpFoundation\Request->__construct(Array, Array, Array, Array, Array, Array, NULL)
#3 C:\laragon\www\albamart_admin\vendor\symfony\http-foundation\Request.php(411): Symfony\Component\HttpFoundation\Request::createRequestFromFactory(Array, Array, Array, Array, Array, Array, NULL)
#4 C:\laragon\www\albamart_admin\vendor\laravel\framework\src\Illuminate\Foundation\ {"exception":"[object] (Symfony\\Component\\Debug\\Exception\\FatalErrorException(code: 1): Uncaught Symfony\\Component\\Debug\\Exception\\FatalThrowableError: Call to undefined function Symfony\\Component\\HttpFoundation\\str_starts_with() in C:\\laragon\\www\\albamart_admin\\vendor\\symfony\\http-foundation\\ServerBag.php:32
Stack trace:
#0 C:\\laragon\\www\\albamart_admin\\vendor\\symfony\\http-foundation\\Request.php(271): Symfony\\Component\\HttpFoundation\\ServerBag->getHeaders()
#1 C:\\laragon\\www\\albamart_admin\\vendor\\symfony\\http-foundation\\Request.php(247): Symfony\\Component\\HttpFoundation\\Request->initialize(Array, Array, Array, Array, Array, Array, NULL)
#2 C:\\laragon\\www\\albamart_admin\\vendor\\symfony\\http-foundation\\Request.php(1977): Symfony\\Component\\HttpFoundation\\Request->__construct(Array, Array, Array, Array, Array, Array, NULL)
#3 C:\\laragon\\www\\albamart_admin\\vendor\\symfony\\http-foundation\\Request.php(411): Symfony\\Component\\HttpFoundation\\Request::createRequestFromFactory(Array, Array, Array, Array, Array, Array, NULL)
#4 C:\\laragon\\www\\albamart_admin\\vendor\\laravel\\framework\\src\\Illuminate\\Foundation\\ at C:\\laragon\\www\\albamart_admin\\vendor\\symfony\\http-foundation\\ServerBag.php:32)
[stacktrace]
#0 {main}
"} 
[2022-02-05 05:12:38] local.ERROR: Uncaught Symfony\Component\Debug\Exception\FatalThrowableError: Call to undefined function Symfony\Component\HttpFoundation\str_starts_with() in C:\laragon\www\albamart_admin\vendor\symfony\http-foundation\ServerBag.php:32
Stack trace:
#0 C:\laragon\www\albamart_admin\vendor\symfony\http-foundation\Request.php(271): Symfony\Component\HttpFoundation\ServerBag->getHeaders()
#1 C:\laragon\www\albamart_admin\vendor\symfony\http-foundation\Request.php(247): Symfony\Component\HttpFoundation\Request->initialize(Array, Array, Array, Array, Array, Array, NULL)
#2 C:\laragon\www\albamart_admin\vendor\symfony\http-foundation\Request.php(1977): Symfony\Component\HttpFoundation\Request->__construct(Array, Array, Array, Array, Array, Array, NULL)
#3 C:\laragon\www\albamart_admin\vendor\symfony\http-foundation\Request.php(411): Symfony\Component\HttpFoundation\Request::createRequestFromFactory(Array, Array, Array, Array, Array, Array, NULL)
#4 C:\laragon\www\albamart_admin\vendor\laravel\framework\src\Illuminate\Foundation\ {"exception":"[object] (Symfony\\Component\\Debug\\Exception\\FatalErrorException(code: 1): Uncaught Symfony\\Component\\Debug\\Exception\\FatalThrowableError: Call to undefined function Symfony\\Component\\HttpFoundation\\str_starts_with() in C:\\laragon\\www\\albamart_admin\\vendor\\symfony\\http-foundation\\ServerBag.php:32
Stack trace:
#0 C:\\laragon\\www\\albamart_admin\\vendor\\symfony\\http-foundation\\Request.php(271): Symfony\\Component\\HttpFoundation\\ServerBag->getHeaders()
#1 C:\\laragon\\www\\albamart_admin\\vendor\\symfony\\http-foundation\\Request.php(247): Symfony\\Component\\HttpFoundation\\Request->initialize(Array, Array, Array, Array, Array, Array, NULL)
#2 C:\\laragon\\www\\albamart_admin\\vendor\\symfony\\http-foundation\\Request.php(1977): Symfony\\Component\\HttpFoundation\\Request->__construct(Array, Array, Array, Array, Array, Array, NULL)
#3 C:\\laragon\\www\\albamart_admin\\vendor\\symfony\\http-foundation\\Request.php(411): Symfony\\Component\\HttpFoundation\\Request::createRequestFromFactory(Array, Array, Array, Array, Array, Array, NULL)
#4 C:\\laragon\\www\\albamart_admin\\vendor\\laravel\\framework\\src\\Illuminate\\Foundation\\ at C:\\laragon\\www\\albamart_admin\\vendor\\symfony\\http-foundation\\ServerBag.php:32)
[stacktrace]
#0 {main}
"} 
[2022-02-05 05:12:38] local.ERROR: Uncaught Symfony\Component\Debug\Exception\FatalThrowableError: Call to undefined function Symfony\Component\HttpFoundation\str_starts_with() in C:\laragon\www\albamart_admin\vendor\symfony\http-foundation\ServerBag.php:32
Stack trace:
#0 C:\laragon\www\albamart_admin\vendor\symfony\http-foundation\Request.php(271): Symfony\Component\HttpFoundation\ServerBag->getHeaders()
#1 C:\laragon\www\albamart_admin\vendor\symfony\http-foundation\Request.php(247): Symfony\Component\HttpFoundation\Request->initialize(Array, Array, Array, Array, Array, Array, NULL)
#2 C:\laragon\www\albamart_admin\vendor\symfony\http-foundation\Request.php(1977): Symfony\Component\HttpFoundation\Request->__construct(Array, Array, Array, Array, Array, Array, NULL)
#3 C:\laragon\www\albamart_admin\vendor\symfony\http-foundation\Request.php(411): Symfony\Component\HttpFoundation\Request::createRequestFromFactory(Array, Array, Array, Array, Array, Array, NULL)
#4 C:\laragon\www\albamart_admin\vendor\laravel\framework\src\Illuminate\Foundation\ {"exception":"[object] (Symfony\\Component\\Debug\\Exception\\FatalErrorException(code: 1): Uncaught Symfony\\Component\\Debug\\Exception\\FatalThrowableError: Call to undefined function Symfony\\Component\\HttpFoundation\\str_starts_with() in C:\\laragon\\www\\albamart_admin\\vendor\\symfony\\http-foundation\\ServerBag.php:32
Stack trace:
#0 C:\\laragon\\www\\albamart_admin\\vendor\\symfony\\http-foundation\\Request.php(271): Symfony\\Component\\HttpFoundation\\ServerBag->getHeaders()
#1 C:\\laragon\\www\\albamart_admin\\vendor\\symfony\\http-foundation\\Request.php(247): Symfony\\Component\\HttpFoundation\\Request->initialize(Array, Array, Array, Array, Array, Array, NULL)
#2 C:\\laragon\\www\\albamart_admin\\vendor\\symfony\\http-foundation\\Request.php(1977): Symfony\\Component\\HttpFoundation\\Request->__construct(Array, Array, Array, Array, Array, Array, NULL)
#3 C:\\laragon\\www\\albamart_admin\\vendor\\symfony\\http-foundation\\Request.php(411): Symfony\\Component\\HttpFoundation\\Request::createRequestFromFactory(Array, Array, Array, Array, Array, Array, NULL)
#4 C:\\laragon\\www\\albamart_admin\\vendor\\laravel\\framework\\src\\Illuminate\\Foundation\\ at C:\\laragon\\www\\albamart_admin\\vendor\\symfony\\http-foundation\\ServerBag.php:32)
[stacktrace]
#0 {main}
"} 
[2022-02-05 05:12:56] local.ERROR: Call to undefined function Symfony\Component\HttpFoundation\str_starts_with() {"exception":"[object] (Symfony\\Component\\Debug\\Exception\\FatalThrowableError(code: 0): Call to undefined function Symfony\\Component\\HttpFoundation\\str_starts_with() at C:\\laragon\\www\\albamart_admin\\vendor\\symfony\\http-foundation\\ServerBag.php:32)
[stacktrace]
#0 C:\\laragon\\www\\albamart_admin\\vendor\\symfony\\http-foundation\\Request.php(271): Symfony\\Component\\HttpFoundation\\ServerBag->getHeaders()
#1 C:\\laragon\\www\\albamart_admin\\vendor\\symfony\\http-foundation\\Request.php(247): Symfony\\Component\\HttpFoundation\\Request->initialize(Array, Array, Array, Array, Array, Array, NULL)
#2 C:\\laragon\\www\\albamart_admin\\vendor\\symfony\\http-foundation\\Request.php(1977): Symfony\\Component\\HttpFoundation\\Request->__construct(Array, Array, Array, Array, Array, Array, NULL)
#3 C:\\laragon\\www\\albamart_admin\\vendor\\symfony\\http-foundation\\Request.php(411): Symfony\\Component\\HttpFoundation\\Request::createRequestFromFactory(Array, Array, Array, Array, Array, Array, NULL)
#4 C:\\laragon\\www\\albamart_admin\\vendor\\laravel\\framework\\src\\Illuminate\\Foundation\\Bootstrap\\SetRequestForConsole.php(32): Symfony\\Component\\HttpFoundation\\Request::create('localhost', 'GET', Array, Array, Array, Array)
#5 C:\\laragon\\www\\albamart_admin\\vendor\\laravel\\framework\\src\\Illuminate\\Foundation\\Application.php(210): Illuminate\\Foundation\\Bootstrap\\SetRequestForConsole->bootstrap(Object(Illuminate\\Foundation\\Application))
#6 C:\\laragon\\www\\albamart_admin\\vendor\\laravel\\framework\\src\\Illuminate\\Foundation\\Console\\Kernel.php(322): Illuminate\\Foundation\\Application->bootstrapWith(Array)
#7 C:\\laragon\\www\\albamart_admin\\vendor\\laravel\\framework\\src\\Illuminate\\Foundation\\Console\\Kernel.php(131): Illuminate\\Foundation\\Console\\Kernel->bootstrap()
#8 Command line code(1): Illuminate\\Foundation\\Console\\Kernel->handle(Object(Symfony\\Component\\Console\\Input\\ArgvInput), Object(Symfony\\Component\\Console\\Output\\ConsoleOutput))
#9 {main}
"} 
[2022-02-05 05:12:56] local.ERROR: Uncaught Error: Call to undefined function Symfony\Component\Console\Formatter\str_ends_with() in C:\laragon\www\albamart_admin\vendor\symfony\console\Formatter\OutputFormatter.php:57
Stack trace:
#0 C:\laragon\www\albamart_admin\vendor\symfony\console\Formatter\OutputFormatter.php(47): Symfony\Component\Console\Formatter\OutputFormatter::escapeTrailingBackslash('In ServerBag.ph...')
#1 C:\laragon\www\albamart_admin\vendor\symfony\console\Application.php(900): Symfony\Component\Console\Formatter\OutputFormatter::escape('In ServerBag.ph...')
#2 C:\laragon\www\albamart_admin\vendor\symfony\console\Application.php(848): Symfony\Component\Console\Application->doActuallyRenderThrowable(Object(Symfony\Component\Debug\Exception\FatalThrowableError), Object(Symfony\Component\Console\Output\ConsoleOutput))
#3 C:\laragon\www\albamart_admin\vendor\symfony\console\Application.php(807): Symfony\Component\Console\Application->doRenderException(Object(Symfony\Component\Debug\Exception\FatalThrowableError), Object(Symfony\Co {"exception":"[object] (Symfony\\Component\\Debug\\Exception\\FatalErrorException(code: 1): Uncaught Error: Call to undefined function Symfony\\Component\\Console\\Formatter\\str_ends_with() in C:\\laragon\\www\\albamart_admin\\vendor\\symfony\\console\\Formatter\\OutputFormatter.php:57
Stack trace:
#0 C:\\laragon\\www\\albamart_admin\\vendor\\symfony\\console\\Formatter\\OutputFormatter.php(47): Symfony\\Component\\Console\\Formatter\\OutputFormatter::escapeTrailingBackslash('In ServerBag.ph...')
#1 C:\\laragon\\www\\albamart_admin\\vendor\\symfony\\console\\Application.php(900): Symfony\\Component\\Console\\Formatter\\OutputFormatter::escape('In ServerBag.ph...')
#2 C:\\laragon\\www\\albamart_admin\\vendor\\symfony\\console\\Application.php(848): Symfony\\Component\\Console\\Application->doActuallyRenderThrowable(Object(Symfony\\Component\\Debug\\Exception\\FatalThrowableError), Object(Symfony\\Component\\Console\\Output\\ConsoleOutput))
#3 C:\\laragon\\www\\albamart_admin\\vendor\\symfony\\console\\Application.php(807): Symfony\\Component\\Console\\Application->doRenderException(Object(Symfony\\Component\\Debug\\Exception\\FatalThrowableError), Object(Symfony\\Co at C:\\laragon\\www\\albamart_admin\\vendor\\symfony\\console\\Formatter\\OutputFormatter.php:57)
[stacktrace]
#0 {main}
"} 
[2022-02-05 05:12:57] local.ERROR: Call to undefined function Symfony\Component\HttpFoundation\str_starts_with() {"exception":"[object] (Symfony\\Component\\Debug\\Exception\\FatalThrowableError(code: 0): Call to undefined function Symfony\\Component\\HttpFoundation\\str_starts_with() at C:\\laragon\\www\\albamart_admin\\vendor\\symfony\\http-foundation\\ServerBag.php:32)
[stacktrace]
#0 C:\\laragon\\www\\albamart_admin\\vendor\\symfony\\http-foundation\\Request.php(271): Symfony\\Component\\HttpFoundation\\ServerBag->getHeaders()
#1 C:\\laragon\\www\\albamart_admin\\vendor\\symfony\\http-foundation\\Request.php(247): Symfony\\Component\\HttpFoundation\\Request->initialize(Array, Array, Array, Array, Array, Array, NULL)
#2 C:\\laragon\\www\\albamart_admin\\vendor\\symfony\\http-foundation\\Request.php(1977): Symfony\\Component\\HttpFoundation\\Request->__construct(Array, Array, Array, Array, Array, Array, NULL)
#3 C:\\laragon\\www\\albamart_admin\\vendor\\symfony\\http-foundation\\Request.php(411): Symfony\\Component\\HttpFoundation\\Request::createRequestFromFactory(Array, Array, Array, Array, Array, Array, NULL)
#4 C:\\laragon\\www\\albamart_admin\\vendor\\laravel\\framework\\src\\Illuminate\\Foundation\\Bootstrap\\SetRequestForConsole.php(32): Symfony\\Component\\HttpFoundation\\Request::create('localhost', 'GET', Array, Array, Array, Array)
#5 C:\\laragon\\www\\albamart_admin\\vendor\\laravel\\framework\\src\\Illuminate\\Foundation\\Application.php(210): Illuminate\\Foundation\\Bootstrap\\SetRequestForConsole->bootstrap(Object(Illuminate\\Foundation\\Application))
#6 C:\\laragon\\www\\albamart_admin\\vendor\\laravel\\framework\\src\\Illuminate\\Foundation\\Console\\Kernel.php(322): Illuminate\\Foundation\\Application->bootstrapWith(Array)
#7 C:\\laragon\\www\\albamart_admin\\vendor\\laravel\\framework\\src\\Illuminate\\Foundation\\Console\\Kernel.php(131): Illuminate\\Foundation\\Console\\Kernel->bootstrap()
#8 Command line code(1): Illuminate\\Foundation\\Console\\Kernel->handle(Object(Symfony\\Component\\Console\\Input\\ArgvInput), Object(Symfony\\Component\\Console\\Output\\ConsoleOutput))
#9 {main}
"} 
[2022-02-05 05:12:57] local.ERROR: Uncaught Error: Call to undefined function Symfony\Component\Console\Formatter\str_ends_with() in C:\laragon\www\albamart_admin\vendor\symfony\console\Formatter\OutputFormatter.php:57
Stack trace:
#0 C:\laragon\www\albamart_admin\vendor\symfony\console\Formatter\OutputFormatter.php(47): Symfony\Component\Console\Formatter\OutputFormatter::escapeTrailingBackslash('In ServerBag.ph...')
#1 C:\laragon\www\albamart_admin\vendor\symfony\console\Application.php(900): Symfony\Component\Console\Formatter\OutputFormatter::escape('In ServerBag.ph...')
#2 C:\laragon\www\albamart_admin\vendor\symfony\console\Application.php(848): Symfony\Component\Console\Application->doActuallyRenderThrowable(Object(Symfony\Component\Debug\Exception\FatalThrowableError), Object(Symfony\Component\Console\Output\ConsoleOutput))
#3 C:\laragon\www\albamart_admin\vendor\symfony\console\Application.php(807): Symfony\Component\Console\Application->doRenderException(Object(Symfony\Component\Debug\Exception\FatalThrowableError), Object(Symfony\Co {"exception":"[object] (Symfony\\Component\\Debug\\Exception\\FatalErrorException(code: 1): Uncaught Error: Call to undefined function Symfony\\Component\\Console\\Formatter\\str_ends_with() in C:\\laragon\\www\\albamart_admin\\vendor\\symfony\\console\\Formatter\\OutputFormatter.php:57
Stack trace:
#0 C:\\laragon\\www\\albamart_admin\\vendor\\symfony\\console\\Formatter\\OutputFormatter.php(47): Symfony\\Component\\Console\\Formatter\\OutputFormatter::escapeTrailingBackslash('In ServerBag.ph...')
#1 C:\\laragon\\www\\albamart_admin\\vendor\\symfony\\console\\Application.php(900): Symfony\\Component\\Console\\Formatter\\OutputFormatter::escape('In ServerBag.ph...')
#2 C:\\laragon\\www\\albamart_admin\\vendor\\symfony\\console\\Application.php(848): Symfony\\Component\\Console\\Application->doActuallyRenderThrowable(Object(Symfony\\Component\\Debug\\Exception\\FatalThrowableError), Object(Symfony\\Component\\Console\\Output\\ConsoleOutput))
#3 C:\\laragon\\www\\albamart_admin\\vendor\\symfony\\console\\Application.php(807): Symfony\\Component\\Console\\Application->doRenderException(Object(Symfony\\Component\\Debug\\Exception\\FatalThrowableError), Object(Symfony\\Co at C:\\laragon\\www\\albamart_admin\\vendor\\symfony\\console\\Formatter\\OutputFormatter.php:57)
[stacktrace]
#0 {main}
"} 
[2022-02-05 05:13:02] local.ERROR: Call to undefined function Symfony\Component\HttpFoundation\str_starts_with() {"exception":"[object] (Symfony\\Component\\Debug\\Exception\\FatalThrowableError(code: 0): Call to undefined function Symfony\\Component\\HttpFoundation\\str_starts_with() at C:\\laragon\\www\\albamart_admin\\vendor\\symfony\\http-foundation\\ServerBag.php:32)
[stacktrace]
#0 C:\\laragon\\www\\albamart_admin\\vendor\\symfony\\http-foundation\\Request.php(271): Symfony\\Component\\HttpFoundation\\ServerBag->getHeaders()
#1 C:\\laragon\\www\\albamart_admin\\vendor\\symfony\\http-foundation\\Request.php(247): Symfony\\Component\\HttpFoundation\\Request->initialize(Array, Array, Array, Array, Array, Array, NULL)
#2 C:\\laragon\\www\\albamart_admin\\vendor\\symfony\\http-foundation\\Request.php(1977): Symfony\\Component\\HttpFoundation\\Request->__construct(Array, Array, Array, Array, Array, Array, NULL)
#3 C:\\laragon\\www\\albamart_admin\\vendor\\symfony\\http-foundation\\Request.php(411): Symfony\\Component\\HttpFoundation\\Request::createRequestFromFactory(Array, Array, Array, Array, Array, Array, NULL)
#4 C:\\laragon\\www\\albamart_admin\\vendor\\laravel\\framework\\src\\Illuminate\\Foundation\\Bootstrap\\SetRequestForConsole.php(32): Symfony\\Component\\HttpFoundation\\Request::create('localhost', 'GET', Array, Array, Array, Array)
#5 C:\\laragon\\www\\albamart_admin\\vendor\\laravel\\framework\\src\\Illuminate\\Foundation\\Application.php(210): Illuminate\\Foundation\\Bootstrap\\SetRequestForConsole->bootstrap(Object(Illuminate\\Foundation\\Application))
#6 C:\\laragon\\www\\albamart_admin\\vendor\\laravel\\framework\\src\\Illuminate\\Foundation\\Console\\Kernel.php(322): Illuminate\\Foundation\\Application->bootstrapWith(Array)
#7 C:\\laragon\\www\\albamart_admin\\vendor\\laravel\\framework\\src\\Illuminate\\Foundation\\Console\\Kernel.php(131): Illuminate\\Foundation\\Console\\Kernel->bootstrap()
#8 Command line code(1): Illuminate\\Foundation\\Console\\Kernel->handle(Object(Symfony\\Component\\Console\\Input\\ArgvInput), Object(Symfony\\Component\\Console\\Output\\ConsoleOutput))
#9 {main}
"} 
[2022-02-05 05:13:02] local.ERROR: Uncaught Error: Call to undefined function Symfony\Component\Console\Formatter\str_ends_with() in C:\laragon\www\albamart_admin\vendor\symfony\console\Formatter\OutputFormatter.php:57
Stack trace:
#0 C:\laragon\www\albamart_admin\vendor\symfony\console\Formatter\OutputFormatter.php(47): Symfony\Component\Console\Formatter\OutputFormatter::escapeTrailingBackslash('In ServerBag.ph...')
#1 C:\laragon\www\albamart_admin\vendor\symfony\console\Application.php(900): Symfony\Component\Console\Formatter\OutputFormatter::escape('In ServerBag.ph...')
#2 C:\laragon\www\albamart_admin\vendor\symfony\console\Application.php(848): Symfony\Component\Console\Application->doActuallyRenderThrowable(Object(Symfony\Component\Debug\Exception\FatalThrowableError), Object(Symfony\Component\Console\Output\ConsoleOutput))
#3 C:\laragon\www\albamart_admin\vendor\symfony\console\Application.php(807): Symfony\Component\Console\Application->doRenderException(Object(Symfony\Component\Debug\Exception\FatalThrowableError), Object(Symfony\Co {"exception":"[object] (Symfony\\Component\\Debug\\Exception\\FatalErrorException(code: 1): Uncaught Error: Call to undefined function Symfony\\Component\\Console\\Formatter\\str_ends_with() in C:\\laragon\\www\\albamart_admin\\vendor\\symfony\\console\\Formatter\\OutputFormatter.php:57
Stack trace:
#0 C:\\laragon\\www\\albamart_admin\\vendor\\symfony\\console\\Formatter\\OutputFormatter.php(47): Symfony\\Component\\Console\\Formatter\\OutputFormatter::escapeTrailingBackslash('In ServerBag.ph...')
#1 C:\\laragon\\www\\albamart_admin\\vendor\\symfony\\console\\Application.php(900): Symfony\\Component\\Console\\Formatter\\OutputFormatter::escape('In ServerBag.ph...')
#2 C:\\laragon\\www\\albamart_admin\\vendor\\symfony\\console\\Application.php(848): Symfony\\Component\\Console\\Application->doActuallyRenderThrowable(Object(Symfony\\Component\\Debug\\Exception\\FatalThrowableError), Object(Symfony\\Component\\Console\\Output\\ConsoleOutput))
#3 C:\\laragon\\www\\albamart_admin\\vendor\\symfony\\console\\Application.php(807): Symfony\\Component\\Console\\Application->doRenderException(Object(Symfony\\Component\\Debug\\Exception\\FatalThrowableError), Object(Symfony\\Co at C:\\laragon\\www\\albamart_admin\\vendor\\symfony\\console\\Formatter\\OutputFormatter.php:57)
[stacktrace]
#0 {main}
"} 
[2022-02-05 05:13:15] local.ERROR: Call to undefined function Symfony\Component\HttpFoundation\str_starts_with() {"exception":"[object] (Symfony\\Component\\Debug\\Exception\\FatalThrowableError(code: 0): Call to undefined function Symfony\\Component\\HttpFoundation\\str_starts_with() at C:\\laragon\\www\\albamart_admin\\vendor\\symfony\\http-foundation\\ServerBag.php:32)
[stacktrace]
#0 C:\\laragon\\www\\albamart_admin\\vendor\\symfony\\http-foundation\\Request.php(271): Symfony\\Component\\HttpFoundation\\ServerBag->getHeaders()
#1 C:\\laragon\\www\\albamart_admin\\vendor\\symfony\\http-foundation\\Request.php(247): Symfony\\Component\\HttpFoundation\\Request->initialize(Array, Array, Array, Array, Array, Array, NULL)
#2 C:\\laragon\\www\\albamart_admin\\vendor\\symfony\\http-foundation\\Request.php(1977): Symfony\\Component\\HttpFoundation\\Request->__construct(Array, Array, Array, Array, Array, Array, NULL)
#3 C:\\laragon\\www\\albamart_admin\\vendor\\symfony\\http-foundation\\Request.php(411): Symfony\\Component\\HttpFoundation\\Request::createRequestFromFactory(Array, Array, Array, Array, Array, Array, NULL)
#4 C:\\laragon\\www\\albamart_admin\\vendor\\laravel\\framework\\src\\Illuminate\\Foundation\\Bootstrap\\SetRequestForConsole.php(32): Symfony\\Component\\HttpFoundation\\Request::create('localhost', 'GET', Array, Array, Array, Array)
#5 C:\\laragon\\www\\albamart_admin\\vendor\\laravel\\framework\\src\\Illuminate\\Foundation\\Application.php(210): Illuminate\\Foundation\\Bootstrap\\SetRequestForConsole->bootstrap(Object(Illuminate\\Foundation\\Application))
#6 C:\\laragon\\www\\albamart_admin\\vendor\\laravel\\framework\\src\\Illuminate\\Foundation\\Console\\Kernel.php(322): Illuminate\\Foundation\\Application->bootstrapWith(Array)
#7 C:\\laragon\\www\\albamart_admin\\vendor\\laravel\\framework\\src\\Illuminate\\Foundation\\Console\\Kernel.php(131): Illuminate\\Foundation\\Console\\Kernel->bootstrap()
#8 Command line code(1): Illuminate\\Foundation\\Console\\Kernel->handle(Object(Symfony\\Component\\Console\\Input\\ArgvInput), Object(Symfony\\Component\\Console\\Output\\ConsoleOutput))
#9 {main}
"} 
[2022-02-05 05:13:15] local.ERROR: Uncaught Error: Call to undefined function Symfony\Component\Console\Formatter\str_ends_with() in C:\laragon\www\albamart_admin\vendor\symfony\console\Formatter\OutputFormatter.php:57
Stack trace:
#0 C:\laragon\www\albamart_admin\vendor\symfony\console\Formatter\OutputFormatter.php(47): Symfony\Component\Console\Formatter\OutputFormatter::escapeTrailingBackslash('In ServerBag.ph...')
#1 C:\laragon\www\albamart_admin\vendor\symfony\console\Application.php(900): Symfony\Component\Console\Formatter\OutputFormatter::escape('In ServerBag.ph...')
#2 C:\laragon\www\albamart_admin\vendor\symfony\console\Application.php(848): Symfony\Component\Console\Application->doActuallyRenderThrowable(Object(Symfony\Component\Debug\Exception\FatalThrowableError), Object(Symfony\Component\Console\Output\ConsoleOutput))
#3 C:\laragon\www\albamart_admin\vendor\symfony\console\Application.php(807): Symfony\Component\Console\Application->doRenderException(Object(Symfony\Component\Debug\Exception\FatalThrowableError), Object(Symfony\Co {"exception":"[object] (Symfony\\Component\\Debug\\Exception\\FatalErrorException(code: 1): Uncaught Error: Call to undefined function Symfony\\Component\\Console\\Formatter\\str_ends_with() in C:\\laragon\\www\\albamart_admin\\vendor\\symfony\\console\\Formatter\\OutputFormatter.php:57
Stack trace:
#0 C:\\laragon\\www\\albamart_admin\\vendor\\symfony\\console\\Formatter\\OutputFormatter.php(47): Symfony\\Component\\Console\\Formatter\\OutputFormatter::escapeTrailingBackslash('In ServerBag.ph...')
#1 C:\\laragon\\www\\albamart_admin\\vendor\\symfony\\console\\Application.php(900): Symfony\\Component\\Console\\Formatter\\OutputFormatter::escape('In ServerBag.ph...')
#2 C:\\laragon\\www\\albamart_admin\\vendor\\symfony\\console\\Application.php(848): Symfony\\Component\\Console\\Application->doActuallyRenderThrowable(Object(Symfony\\Component\\Debug\\Exception\\FatalThrowableError), Object(Symfony\\Component\\Console\\Output\\ConsoleOutput))
#3 C:\\laragon\\www\\albamart_admin\\vendor\\symfony\\console\\Application.php(807): Symfony\\Component\\Console\\Application->doRenderException(Object(Symfony\\Component\\Debug\\Exception\\FatalThrowableError), Object(Symfony\\Co at C:\\laragon\\www\\albamart_admin\\vendor\\symfony\\console\\Formatter\\OutputFormatter.php:57)
[stacktrace]
#0 {main}
"} 
[2022-02-05 05:13:35] local.ERROR: Call to undefined function Symfony\Component\HttpFoundation\str_starts_with() {"exception":"[object] (Symfony\\Component\\Debug\\Exception\\FatalThrowableError(code: 0): Call to undefined function Symfony\\Component\\HttpFoundation\\str_starts_with() at C:\\laragon\\www\\albamart_admin\\vendor\\symfony\\http-foundation\\ServerBag.php:32)
[stacktrace]
#0 C:\\laragon\\www\\albamart_admin\\vendor\\symfony\\http-foundation\\Request.php(271): Symfony\\Component\\HttpFoundation\\ServerBag->getHeaders()
#1 C:\\laragon\\www\\albamart_admin\\vendor\\symfony\\http-foundation\\Request.php(247): Symfony\\Component\\HttpFoundation\\Request->initialize(Array, Array, Array, Array, Array, Array, NULL)
#2 C:\\laragon\\www\\albamart_admin\\vendor\\symfony\\http-foundation\\Request.php(1977): Symfony\\Component\\HttpFoundation\\Request->__construct(Array, Array, Array, Array, Array, Array, NULL)
#3 C:\\laragon\\www\\albamart_admin\\vendor\\symfony\\http-foundation\\Request.php(411): Symfony\\Component\\HttpFoundation\\Request::createRequestFromFactory(Array, Array, Array, Array, Array, Array, NULL)
#4 C:\\laragon\\www\\albamart_admin\\vendor\\laravel\\framework\\src\\Illuminate\\Foundation\\Bootstrap\\SetRequestForConsole.php(32): Symfony\\Component\\HttpFoundation\\Request::create('localhost', 'GET', Array, Array, Array, Array)
#5 C:\\laragon\\www\\albamart_admin\\vendor\\laravel\\framework\\src\\Illuminate\\Foundation\\Application.php(210): Illuminate\\Foundation\\Bootstrap\\SetRequestForConsole->bootstrap(Object(Illuminate\\Foundation\\Application))
#6 C:\\laragon\\www\\albamart_admin\\vendor\\laravel\\framework\\src\\Illuminate\\Foundation\\Console\\Kernel.php(322): Illuminate\\Foundation\\Application->bootstrapWith(Array)
#7 C:\\laragon\\www\\albamart_admin\\vendor\\laravel\\framework\\src\\Illuminate\\Foundation\\Console\\Kernel.php(131): Illuminate\\Foundation\\Console\\Kernel->bootstrap()
#8 Command line code(1): Illuminate\\Foundation\\Console\\Kernel->handle(Object(Symfony\\Component\\Console\\Input\\ArgvInput), Object(Symfony\\Component\\Console\\Output\\ConsoleOutput))
#9 {main}
"} 
[2022-02-05 05:13:35] local.ERROR: Uncaught Error: Call to undefined function Symfony\Component\Console\Formatter\str_ends_with() in C:\laragon\www\albamart_admin\vendor\symfony\console\Formatter\OutputFormatter.php:57
Stack trace:
#0 C:\laragon\www\albamart_admin\vendor\symfony\console\Formatter\OutputFormatter.php(47): Symfony\Component\Console\Formatter\OutputFormatter::escapeTrailingBackslash('In ServerBag.ph...')
#1 C:\laragon\www\albamart_admin\vendor\symfony\console\Application.php(900): Symfony\Component\Console\Formatter\OutputFormatter::escape('In ServerBag.ph...')
#2 C:\laragon\www\albamart_admin\vendor\symfony\console\Application.php(848): Symfony\Component\Console\Application->doActuallyRenderThrowable(Object(Symfony\Component\Debug\Exception\FatalThrowableError), Object(Symfony\Component\Console\Output\ConsoleOutput))
#3 C:\laragon\www\albamart_admin\vendor\symfony\console\Application.php(807): Symfony\Component\Console\Application->doRenderException(Object(Symfony\Component\Debug\Exception\FatalThrowableError), Object(Symfony\Co {"exception":"[object] (Symfony\\Component\\Debug\\Exception\\FatalErrorException(code: 1): Uncaught Error: Call to undefined function Symfony\\Component\\Console\\Formatter\\str_ends_with() in C:\\laragon\\www\\albamart_admin\\vendor\\symfony\\console\\Formatter\\OutputFormatter.php:57
Stack trace:
#0 C:\\laragon\\www\\albamart_admin\\vendor\\symfony\\console\\Formatter\\OutputFormatter.php(47): Symfony\\Component\\Console\\Formatter\\OutputFormatter::escapeTrailingBackslash('In ServerBag.ph...')
#1 C:\\laragon\\www\\albamart_admin\\vendor\\symfony\\console\\Application.php(900): Symfony\\Component\\Console\\Formatter\\OutputFormatter::escape('In ServerBag.ph...')
#2 C:\\laragon\\www\\albamart_admin\\vendor\\symfony\\console\\Application.php(848): Symfony\\Component\\Console\\Application->doActuallyRenderThrowable(Object(Symfony\\Component\\Debug\\Exception\\FatalThrowableError), Object(Symfony\\Component\\Console\\Output\\ConsoleOutput))
#3 C:\\laragon\\www\\albamart_admin\\vendor\\symfony\\console\\Application.php(807): Symfony\\Component\\Console\\Application->doRenderException(Object(Symfony\\Component\\Debug\\Exception\\FatalThrowableError), Object(Symfony\\Co at C:\\laragon\\www\\albamart_admin\\vendor\\symfony\\console\\Formatter\\OutputFormatter.php:57)
[stacktrace]
#0 {main}
"} 
[2022-02-05 05:13:36] local.ERROR: Call to undefined function Symfony\Component\HttpFoundation\str_starts_with() {"exception":"[object] (Symfony\\Component\\Debug\\Exception\\FatalThrowableError(code: 0): Call to undefined function Symfony\\Component\\HttpFoundation\\str_starts_with() at C:\\laragon\\www\\albamart_admin\\vendor\\symfony\\http-foundation\\ServerBag.php:32)
[stacktrace]
#0 C:\\laragon\\www\\albamart_admin\\vendor\\symfony\\http-foundation\\Request.php(271): Symfony\\Component\\HttpFoundation\\ServerBag->getHeaders()
#1 C:\\laragon\\www\\albamart_admin\\vendor\\symfony\\http-foundation\\Request.php(247): Symfony\\Component\\HttpFoundation\\Request->initialize(Array, Array, Array, Array, Array, Array, NULL)
#2 C:\\laragon\\www\\albamart_admin\\vendor\\symfony\\http-foundation\\Request.php(1977): Symfony\\Component\\HttpFoundation\\Request->__construct(Array, Array, Array, Array, Array, Array, NULL)
#3 C:\\laragon\\www\\albamart_admin\\vendor\\symfony\\http-foundation\\Request.php(411): Symfony\\Component\\HttpFoundation\\Request::createRequestFromFactory(Array, Array, Array, Array, Array, Array, NULL)
#4 C:\\laragon\\www\\albamart_admin\\vendor\\laravel\\framework\\src\\Illuminate\\Foundation\\Bootstrap\\SetRequestForConsole.php(32): Symfony\\Component\\HttpFoundation\\Request::create('localhost', 'GET', Array, Array, Array, Array)
#5 C:\\laragon\\www\\albamart_admin\\vendor\\laravel\\framework\\src\\Illuminate\\Foundation\\Application.php(210): Illuminate\\Foundation\\Bootstrap\\SetRequestForConsole->bootstrap(Object(Illuminate\\Foundation\\Application))
#6 C:\\laragon\\www\\albamart_admin\\vendor\\laravel\\framework\\src\\Illuminate\\Foundation\\Console\\Kernel.php(322): Illuminate\\Foundation\\Application->bootstrapWith(Array)
#7 C:\\laragon\\www\\albamart_admin\\vendor\\laravel\\framework\\src\\Illuminate\\Foundation\\Console\\Kernel.php(131): Illuminate\\Foundation\\Console\\Kernel->bootstrap()
#8 Command line code(1): Illuminate\\Foundation\\Console\\Kernel->handle(Object(Symfony\\Component\\Console\\Input\\ArgvInput), Object(Symfony\\Component\\Console\\Output\\ConsoleOutput))
#9 {main}
"} 
[2022-02-05 05:13:36] local.ERROR: Uncaught Error: Call to undefined function Symfony\Component\Console\Formatter\str_ends_with() in C:\laragon\www\albamart_admin\vendor\symfony\console\Formatter\OutputFormatter.php:57
Stack trace:
#0 C:\laragon\www\albamart_admin\vendor\symfony\console\Formatter\OutputFormatter.php(47): Symfony\Component\Console\Formatter\OutputFormatter::escapeTrailingBackslash('In ServerBag.ph...')
#1 C:\laragon\www\albamart_admin\vendor\symfony\console\Application.php(900): Symfony\Component\Console\Formatter\OutputFormatter::escape('In ServerBag.ph...')
#2 C:\laragon\www\albamart_admin\vendor\symfony\console\Application.php(848): Symfony\Component\Console\Application->doActuallyRenderThrowable(Object(Symfony\Component\Debug\Exception\FatalThrowableError), Object(Symfony\Component\Console\Output\ConsoleOutput))
#3 C:\laragon\www\albamart_admin\vendor\symfony\console\Application.php(807): Symfony\Component\Console\Application->doRenderException(Object(Symfony\Component\Debug\Exception\FatalThrowableError), Object(Symfony\Co {"exception":"[object] (Symfony\\Component\\Debug\\Exception\\FatalErrorException(code: 1): Uncaught Error: Call to undefined function Symfony\\Component\\Console\\Formatter\\str_ends_with() in C:\\laragon\\www\\albamart_admin\\vendor\\symfony\\console\\Formatter\\OutputFormatter.php:57
Stack trace:
#0 C:\\laragon\\www\\albamart_admin\\vendor\\symfony\\console\\Formatter\\OutputFormatter.php(47): Symfony\\Component\\Console\\Formatter\\OutputFormatter::escapeTrailingBackslash('In ServerBag.ph...')
#1 C:\\laragon\\www\\albamart_admin\\vendor\\symfony\\console\\Application.php(900): Symfony\\Component\\Console\\Formatter\\OutputFormatter::escape('In ServerBag.ph...')
#2 C:\\laragon\\www\\albamart_admin\\vendor\\symfony\\console\\Application.php(848): Symfony\\Component\\Console\\Application->doActuallyRenderThrowable(Object(Symfony\\Component\\Debug\\Exception\\FatalThrowableError), Object(Symfony\\Component\\Console\\Output\\ConsoleOutput))
#3 C:\\laragon\\www\\albamart_admin\\vendor\\symfony\\console\\Application.php(807): Symfony\\Component\\Console\\Application->doRenderException(Object(Symfony\\Component\\Debug\\Exception\\FatalThrowableError), Object(Symfony\\Co at C:\\laragon\\www\\albamart_admin\\vendor\\symfony\\console\\Formatter\\OutputFormatter.php:57)
[stacktrace]
#0 {main}
"} 
[2022-02-05 05:13:52] local.ERROR: Call to undefined function Symfony\Component\HttpFoundation\str_starts_with() {"exception":"[object] (Symfony\\Component\\Debug\\Exception\\FatalThrowableError(code: 0): Call to undefined function Symfony\\Component\\HttpFoundation\\str_starts_with() at C:\\laragon\\www\\albamart_admin\\vendor\\symfony\\http-foundation\\ServerBag.php:32)
[stacktrace]
#0 C:\\laragon\\www\\albamart_admin\\vendor\\symfony\\http-foundation\\Request.php(271): Symfony\\Component\\HttpFoundation\\ServerBag->getHeaders()
#1 C:\\laragon\\www\\albamart_admin\\vendor\\symfony\\http-foundation\\Request.php(247): Symfony\\Component\\HttpFoundation\\Request->initialize(Array, Array, Array, Array, Array, Array, NULL)
#2 C:\\laragon\\www\\albamart_admin\\vendor\\symfony\\http-foundation\\Request.php(1977): Symfony\\Component\\HttpFoundation\\Request->__construct(Array, Array, Array, Array, Array, Array, NULL)
#3 C:\\laragon\\www\\albamart_admin\\vendor\\symfony\\http-foundation\\Request.php(411): Symfony\\Component\\HttpFoundation\\Request::createRequestFromFactory(Array, Array, Array, Array, Array, Array, NULL)
#4 C:\\laragon\\www\\albamart_admin\\vendor\\laravel\\framework\\src\\Illuminate\\Foundation\\Bootstrap\\SetRequestForConsole.php(32): Symfony\\Component\\HttpFoundation\\Request::create('localhost', 'GET', Array, Array, Array, Array)
#5 C:\\laragon\\www\\albamart_admin\\vendor\\laravel\\framework\\src\\Illuminate\\Foundation\\Application.php(210): Illuminate\\Foundation\\Bootstrap\\SetRequestForConsole->bootstrap(Object(Illuminate\\Foundation\\Application))
#6 C:\\laragon\\www\\albamart_admin\\vendor\\laravel\\framework\\src\\Illuminate\\Foundation\\Console\\Kernel.php(322): Illuminate\\Foundation\\Application->bootstrapWith(Array)
#7 C:\\laragon\\www\\albamart_admin\\vendor\\laravel\\framework\\src\\Illuminate\\Foundation\\Console\\Kernel.php(131): Illuminate\\Foundation\\Console\\Kernel->bootstrap()
#8 Command line code(1): Illuminate\\Foundation\\Console\\Kernel->handle(Object(Symfony\\Component\\Console\\Input\\ArgvInput), Object(Symfony\\Component\\Console\\Output\\ConsoleOutput))
#9 {main}
"} 
[2022-02-05 05:13:52] local.ERROR: Uncaught Error: Call to undefined function Symfony\Component\Console\Formatter\str_ends_with() in C:\laragon\www\albamart_admin\vendor\symfony\console\Formatter\OutputFormatter.php:57
Stack trace:
#0 C:\laragon\www\albamart_admin\vendor\symfony\console\Formatter\OutputFormatter.php(47): Symfony\Component\Console\Formatter\OutputFormatter::escapeTrailingBackslash('In ServerBag.ph...')
#1 C:\laragon\www\albamart_admin\vendor\symfony\console\Application.php(900): Symfony\Component\Console\Formatter\OutputFormatter::escape('In ServerBag.ph...')
#2 C:\laragon\www\albamart_admin\vendor\symfony\console\Application.php(848): Symfony\Component\Console\Application->doActuallyRenderThrowable(Object(Symfony\Component\Debug\Exception\FatalThrowableError), Object(Symfony\Component\Console\Output\ConsoleOutput))
#3 C:\laragon\www\albamart_admin\vendor\symfony\console\Application.php(807): Symfony\Component\Console\Application->doRenderException(Object(Symfony\Component\Debug\Exception\FatalThrowableError), Object(Symfony\Co {"exception":"[object] (Symfony\\Component\\Debug\\Exception\\FatalErrorException(code: 1): Uncaught Error: Call to undefined function Symfony\\Component\\Console\\Formatter\\str_ends_with() in C:\\laragon\\www\\albamart_admin\\vendor\\symfony\\console\\Formatter\\OutputFormatter.php:57
Stack trace:
#0 C:\\laragon\\www\\albamart_admin\\vendor\\symfony\\console\\Formatter\\OutputFormatter.php(47): Symfony\\Component\\Console\\Formatter\\OutputFormatter::escapeTrailingBackslash('In ServerBag.ph...')
#1 C:\\laragon\\www\\albamart_admin\\vendor\\symfony\\console\\Application.php(900): Symfony\\Component\\Console\\Formatter\\OutputFormatter::escape('In ServerBag.ph...')
#2 C:\\laragon\\www\\albamart_admin\\vendor\\symfony\\console\\Application.php(848): Symfony\\Component\\Console\\Application->doActuallyRenderThrowable(Object(Symfony\\Component\\Debug\\Exception\\FatalThrowableError), Object(Symfony\\Component\\Console\\Output\\ConsoleOutput))
#3 C:\\laragon\\www\\albamart_admin\\vendor\\symfony\\console\\Application.php(807): Symfony\\Component\\Console\\Application->doRenderException(Object(Symfony\\Component\\Debug\\Exception\\FatalThrowableError), Object(Symfony\\Co at C:\\laragon\\www\\albamart_admin\\vendor\\symfony\\console\\Formatter\\OutputFormatter.php:57)
[stacktrace]
#0 {main}
"} 
[2022-02-05 05:13:54] local.ERROR: Call to undefined function Symfony\Component\HttpFoundation\str_starts_with() {"exception":"[object] (Symfony\\Component\\Debug\\Exception\\FatalThrowableError(code: 0): Call to undefined function Symfony\\Component\\HttpFoundation\\str_starts_with() at C:\\laragon\\www\\albamart_admin\\vendor\\symfony\\http-foundation\\ServerBag.php:32)
[stacktrace]
#0 C:\\laragon\\www\\albamart_admin\\vendor\\symfony\\http-foundation\\Request.php(271): Symfony\\Component\\HttpFoundation\\ServerBag->getHeaders()
#1 C:\\laragon\\www\\albamart_admin\\vendor\\symfony\\http-foundation\\Request.php(247): Symfony\\Component\\HttpFoundation\\Request->initialize(Array, Array, Array, Array, Array, Array, NULL)
#2 C:\\laragon\\www\\albamart_admin\\vendor\\symfony\\http-foundation\\Request.php(1977): Symfony\\Component\\HttpFoundation\\Request->__construct(Array, Array, Array, Array, Array, Array, NULL)
#3 C:\\laragon\\www\\albamart_admin\\vendor\\symfony\\http-foundation\\Request.php(411): Symfony\\Component\\HttpFoundation\\Request::createRequestFromFactory(Array, Array, Array, Array, Array, Array, NULL)
#4 C:\\laragon\\www\\albamart_admin\\vendor\\laravel\\framework\\src\\Illuminate\\Foundation\\Bootstrap\\SetRequestForConsole.php(32): Symfony\\Component\\HttpFoundation\\Request::create('localhost', 'GET', Array, Array, Array, Array)
#5 C:\\laragon\\www\\albamart_admin\\vendor\\laravel\\framework\\src\\Illuminate\\Foundation\\Application.php(210): Illuminate\\Foundation\\Bootstrap\\SetRequestForConsole->bootstrap(Object(Illuminate\\Foundation\\Application))
#6 C:\\laragon\\www\\albamart_admin\\vendor\\laravel\\framework\\src\\Illuminate\\Foundation\\Console\\Kernel.php(322): Illuminate\\Foundation\\Application->bootstrapWith(Array)
#7 C:\\laragon\\www\\albamart_admin\\vendor\\laravel\\framework\\src\\Illuminate\\Foundation\\Console\\Kernel.php(131): Illuminate\\Foundation\\Console\\Kernel->bootstrap()
#8 Command line code(1): Illuminate\\Foundation\\Console\\Kernel->handle(Object(Symfony\\Component\\Console\\Input\\ArgvInput), Object(Symfony\\Component\\Console\\Output\\ConsoleOutput))
#9 {main}
"} 
[2022-02-05 05:13:54] local.ERROR: Uncaught Error: Call to undefined function Symfony\Component\Console\Formatter\str_ends_with() in C:\laragon\www\albamart_admin\vendor\symfony\console\Formatter\OutputFormatter.php:57
Stack trace:
#0 C:\laragon\www\albamart_admin\vendor\symfony\console\Formatter\OutputFormatter.php(47): Symfony\Component\Console\Formatter\OutputFormatter::escapeTrailingBackslash('In ServerBag.ph...')
#1 C:\laragon\www\albamart_admin\vendor\symfony\console\Application.php(900): Symfony\Component\Console\Formatter\OutputFormatter::escape('In ServerBag.ph...')
#2 C:\laragon\www\albamart_admin\vendor\symfony\console\Application.php(848): Symfony\Component\Console\Application->doActuallyRenderThrowable(Object(Symfony\Component\Debug\Exception\FatalThrowableError), Object(Symfony\Component\Console\Output\ConsoleOutput))
#3 C:\laragon\www\albamart_admin\vendor\symfony\console\Application.php(807): Symfony\Component\Console\Application->doRenderException(Object(Symfony\Component\Debug\Exception\FatalThrowableError), Object(Symfony\Co {"exception":"[object] (Symfony\\Component\\Debug\\Exception\\FatalErrorException(code: 1): Uncaught Error: Call to undefined function Symfony\\Component\\Console\\Formatter\\str_ends_with() in C:\\laragon\\www\\albamart_admin\\vendor\\symfony\\console\\Formatter\\OutputFormatter.php:57
Stack trace:
#0 C:\\laragon\\www\\albamart_admin\\vendor\\symfony\\console\\Formatter\\OutputFormatter.php(47): Symfony\\Component\\Console\\Formatter\\OutputFormatter::escapeTrailingBackslash('In ServerBag.ph...')
#1 C:\\laragon\\www\\albamart_admin\\vendor\\symfony\\console\\Application.php(900): Symfony\\Component\\Console\\Formatter\\OutputFormatter::escape('In ServerBag.ph...')
#2 C:\\laragon\\www\\albamart_admin\\vendor\\symfony\\console\\Application.php(848): Symfony\\Component\\Console\\Application->doActuallyRenderThrowable(Object(Symfony\\Component\\Debug\\Exception\\FatalThrowableError), Object(Symfony\\Component\\Console\\Output\\ConsoleOutput))
#3 C:\\laragon\\www\\albamart_admin\\vendor\\symfony\\console\\Application.php(807): Symfony\\Component\\Console\\Application->doRenderException(Object(Symfony\\Component\\Debug\\Exception\\FatalThrowableError), Object(Symfony\\Co at C:\\laragon\\www\\albamart_admin\\vendor\\symfony\\console\\Formatter\\OutputFormatter.php:57)
[stacktrace]
#0 {main}
"} 
